partner_support/build/outputs/logs/manifest-merger-release-report.txt
-- Merging decision tree log ---
manifest
ADDED from sample-inputs/partner_support/AndroidManifest.xml:17:1-22:12
INJECTED from sample-inputs/partner_support/AndroidManifest.xml:17:1-22:12
INJECTED from sample-inputs/partner_support/AndroidManifest.xml:17:1-22:12
INJECTED from sample-inputs/partner_support/AndroidManifest.xml:17:1-22:12
INJECTED from sample-inputs/partner_support/AndroidManifest.xml:17:1-22:12
INJECTED from sample-inputs/partner_support/AndroidManifest.xml:17:1-22:12
INJECTED from sample-inputs/partner_support/AndroidManifest.xml:17:1-22:12
	package
		ADDED from sample-inputs/partner_support/AndroidManifest.xml:18:5-52
		INJECTED from sample-inputs/partner_support/AndroidManifest.xml
		INJECTED from sample-inputs/partner_support/AndroidManifest.xml
	android:versionName
		INJECTED from sample-inputs/partner_support/AndroidManifest.xml
		ADDED from sample-inputs/partner_support/AndroidManifest.xml:17:1-22:12
		INJECTED from sample-inputs/partner_support/AndroidManifest.xml
	xmlns:android
		ADDED from sample-inputs/partner_support/AndroidManifest.xml:17:11-69
	android:versionCode
		ADDED from sample-inputs/partner_support/AndroidManifest.xml:19:5-28
		INJECTED from sample-inputs/partner_support/AndroidManifest.xml
		INJECTED from sample-inputs/partner_support/AndroidManifest.xml
uses-sdk
ADDED from sample-inputs/partner_support/AndroidManifest.xml:20:3-71
INJECTED from sample-inputs/partner_support/AndroidManifest.xml:20:3-71
INJECTED from sample-inputs/partner_support/AndroidManifest.xml:20:3-71
INJECTED from sample-inputs/partner_support/AndroidManifest.xml:20:3-71
INJECTED from sample-inputs/partner_support/AndroidManifest.xml:20:3-71
	android:targetSdkVersion
		ADDED from sample-inputs/partner_support/AndroidManifest.xml:20:13-42
		INJECTED from sample-inputs/partner_support/AndroidManifest.xml
		INJECTED from sample-inputs/partner_support/AndroidManifest.xml
	android:minSdkVersion
		ADDED from sample-inputs/partner_support/AndroidManifest.xml:20:43-69
		INJECTED from sample-inputs/partner_support/AndroidManifest.xml
		INJECTED from sample-inputs/partner_support/AndroidManifest.xml
application
ADDED from sample-inputs/partner_support/AndroidManifest.xml:21:3-18